<?xml version="1.0" encoding="UTF-8"?>
<testsuite xmlns:xsi="http://www.w3.org/2001/XMLSchema-instance" xsi:noNamespaceSchemaLocation="https://maven.apache.org/surefire/maven-surefire-plugin/xsd/surefire-test-report-3.0.xsd" version="3.0" name="project02.BusinessTeamTest" time="0.206" tests="14" errors="0" skipped="0" failures="0">
  <properties>
[...]
</properties>
  <testcase name="businessTeamTest05HappyCase" classname="project02.BusinessTeamTest" time="0.021"/>
  <testcase name="businessTeamTest04HappyCase" classname="project02.BusinessTeamTest" time="0.034">
    <system-out><![CDATA[[빠칭코 상품 뽑기 서비스]
명령어를 입력해주세요


현재 남은 잔액은 10000원 입니다
[------HELP------]
응모 : DRAW [시행횟수]
충전 : INSERT
종료 : EXIT
Chicken 당첨 되었습니다.
Cider 당첨 되었습니다.
cola 당첨 되었습니다.
유통기한이 지난 상품입니다 2023-03-21T01:00:32+09:00
 100원을 환불해 드립니다.
100 원이 충전 되었습니다.
유통기한이 지난 상품입니다 2023-03-21T01:00:32+09:00
 100원을 환불해 드립니다.
100 원이 충전 되었습니다.
재고가 부족합니다. 100원을 환불해 드립니다.
 100원을 환불해 드립니다.
100 원이 충전 되었습니다.
재고가 부족합니다. 100원을 환불해 드립니다.
 100원을 환불해 드립니다.
100 원이 충전 되었습니다.
재고가 부족합니다. 100원을 환불해 드립니다.
 100원을 환불해 드립니다.
100 원이 충전 되었습니다.
재고가 부족합니다. 100원을 환불해 드립니다.
 100원을 환불해 드립니다.
100 원이 충전 되었습니다.
재고가 부족합니다. 100원을 환불해 드립니다.
 100원을 환불해 드립니다.
100 원이 충전 되었습니다.

현재 남은 잔액은 9700원 입니다
[------HELP------]
응모 : DRAW [시행횟수]
충전 : INSERT
종료 : EXIT
]]></system-out>
  </testcase>
  <testcase name="businessTeamTest03HappyCase" classname="project02.BusinessTeamTest" time="0.003">
    <system-out><![CDATA[[빠칭코 상품 뽑기 서비스]
명령어를 입력해주세요


현재 남은 잔액은 10000원 입니다
[------HELP------]
응모 : DRAW [시행횟수]
충전 : INSERT
종료 : EXIT
10000 원이 충전 되었습니다.

현재 남은 잔액은 20000원 입니다
[------HELP------]
응모 : DRAW [시행횟수]
충전 : INSERT
종료 : EXIT
꽝 입니다
Chicken 당첨 되었습니다.

현재 남은 잔액은 19800원 입니다
[------HELP------]
응모 : DRAW [시행횟수]
충전 : INSERT
종료 : EXIT
]]></system-out>
  </testcase>
  <testcase name="businessTeamTest02HappyCase" classname="project02.BusinessTeamTest" time="0.002">
    <system-out><![CDATA[[빠칭코 상품 뽑기 서비스]
명령어를 입력해주세요


현재 남은 잔액은 10000원 입니다
[------HELP------]
응모 : DRAW [시행횟수]
충전 : INSERT
종료 : EXIT
Chicken 당첨 되었습니다.
Cider 당첨 되었습니다.

현재 남은 잔액은 9800원 입니다
[------HELP------]
응모 : DRAW [시행횟수]
충전 : INSERT
종료 : EXIT
]]></system-out>
  </testcase>
  <testcase name="businessTeamTest01HappyCase" classname="project02.BusinessTeamTest" time="0.002">
    <system-out><![CDATA[[빠칭코 상품 뽑기 서비스]
명령어를 입력해주세요


현재 남은 잔액은 10000원 입니다
[------HELP------]
응모 : DRAW [시행횟수]
충전 : INSERT
종료 : EXIT
100 원이 충전 되었습니다.

현재 남은 잔액은 10100원 입니다
[------HELP------]
응모 : DRAW [시행횟수]
충전 : INSERT
종료 : EXIT
]]></system-out>
  </testcase>
  <testcase name="businessTeamTest03ErrorCase" classname="project02.BusinessTeamTest" time="0.002">
    <system-out><![CDATA[[빠칭코 상품 뽑기 서비스]
명령어를 입력해주세요


현재 남은 잔액은 10000원 입니다
[------HELP------]
응모 : DRAW [시행횟수]
충전 : INSERT
종료 : EXIT
ERROR : 충전 금액을 입력해 주세요

현재 남은 잔액은 10000원 입니다
[------HELP------]
응모 : DRAW [시행횟수]
충전 : INSERT
종료 : EXIT
ERROR : 2147483647 이하의 숫자만 입력해 주세요.

현재 남은 잔액은 10000원 입니다
[------HELP------]
응모 : DRAW [시행횟수]
충전 : INSERT
종료 : EXIT
ERROR : 2147483647 이하의 숫자만 입력해 주세요.

현재 남은 잔액은 10000원 입니다
[------HELP------]
응모 : DRAW [시행횟수]
충전 : INSERT
종료 : EXIT
]]></system-out>
  </testcase>
  <testcase name="businessTeamTest02ErrorCase" classname="project02.BusinessTeamTest" time="0.002">
    <system-out><![CDATA[[빠칭코 상품 뽑기 서비스]
명령어를 입력해주세요


현재 남은 잔액은 10000원 입니다
[------HELP------]
응모 : DRAW [시행횟수]
충전 : INSERT
종료 : EXIT
ERROR : 2147483647 이하의 숫자만 입력해 주세요.

현재 남은 잔액은 10000원 입니다
[------HELP------]
응모 : DRAW [시행횟수]
충전 : INSERT
종료 : EXIT
]]></system-out>
  </testcase>
  <testcase name="businessTeamTest01ErrorCase" classname="project02.BusinessTeamTest" time="0.002">
    <system-out><![CDATA[[빠칭코 상품 뽑기 서비스]
명령어를 입력해주세요


현재 남은 잔액은 10000원 입니다
[------HELP------]
응모 : DRAW [시행횟수]
충전 : INSERT
종료 : EXIT
ERROR : 2147483647 이하의 숫자만 입력해 주세요.

현재 남은 잔액은 10000원 입니다
[------HELP------]
응모 : DRAW [시행횟수]
충전 : INSERT
종료 : EXIT
]]></system-out>
  </testcase>
  <testcase name="businessTeamTest11HappyCase" classname="project02.BusinessTeamTest" time="0.003">
    <system-out><![CDATA[[빠칭코 상풍등록 시스템]

[상품정보 형식 도움말]
상풍명, 등급(A 또는 B), 유통기한  | 예시 :  CHICKEN, A, 2024-03-23T02:20:19+09:00
END : 종료

상품정보를 입력해주세요
ERROR : A, B 등급의 상품은 최소 2종류 이상 준비해야 합니다.
]]></system-out>
  </testcase>
  <testcase name="businessTeamTest10HappyCase" classname="project02.BusinessTeamTest" time="0.03">
    <system-out><![CDATA[[빠칭코 상품 뽑기 서비스]
명령어를 입력해주세요


현재 남은 잔액은 10000원 입니다
[------HELP------]
응모 : DRAW [시행횟수]
충전 : INSERT
종료 : EXIT
100000 원이 충전 되었습니다.

현재 남은 잔액은 110000원 입니다
[------HELP------]
응모 : DRAW [시행횟수]
충전 : INSERT
종료 : EXIT
mock 당첨 되었습니다.
mock 당첨 되었습니다.
mock 당첨 되었습니다.
mock 당첨 되었습니다.
mock 당첨 되었습니다.
mock 당첨 되었습니다.
mock 당첨 되었습니다.
mock 당첨 되었습니다.
mock 당첨 되었습니다.
mock 당첨 되었습니다.
mock 당첨 되었습니다.
mock 당첨 되었습니다.
mock 당첨 되었습니다.
mock 당첨 되었습니다.
mock 당첨 되었습니다.
꽝 입니다
mock 당첨 되었습니다.
mock 당첨 되었습니다.
mock 당첨 되었습니다.
mock 당첨 되었습니다.
mock 당첨 되었습니다.
mock 당첨 되었습니다.
mock 당첨 되었습니다.
mock 당첨 되었습니다.
mock 당첨 되었습니다.
mock 당첨 되었습니다.
mock 당첨 되었습니다.
mock 당첨 되었습니다.
mock 당첨 되었습니다.
mock 당첨 되었습니다.
mock 당첨 되었습니다.
mock 당첨 되었습니다.
mock 당첨 되었습니다.
mock 당첨 되었습니다.
꽝 입니다
mock 당첨 되었습니다.
mock 당첨 되었습니다.
mock 당첨 되었습니다.
mock 당첨 되었습니다.
mock 당첨 되었습니다.
꽝 입니다
mock 당첨 되었습니다.
mock 당첨 되었습니다.
mock 당첨 되었습니다.
mock 당첨 되었습니다.
mock 당첨 되었습니다.
mock 당첨 되었습니다.
꽝 입니다
mock 당첨 되었습니다.
mock 당첨 되었습니다.
mock 당첨 되었습니다.
mock 당첨 되었습니다.
mock 당첨 되었습니다.
mock 당첨 되었습니다.
꽝 입니다
mock 당첨 되었습니다.
mock 당첨 되었습니다.
mock 당첨 되었습니다.
mock 당첨 되었습니다.
mock 당첨 되었습니다.
mock 당첨 되었습니다.
mock 당첨 되었습니다.
mock 당첨 되었습니다.
mock 당첨 되었습니다.
mock 당첨 되었습니다.
mock 당첨 되었습니다.
꽝 입니다
mock 당첨 되었습니다.
mock 당첨 되었습니다.
꽝 입니다
mock 당첨 되었습니다.
mock 당첨 되었습니다.
mock 당첨 되었습니다.
mock 당첨 되었습니다.
mock 당첨 되었습니다.
mock 당첨 되었습니다.
mock 당첨 되었습니다.
mock 당첨 되었습니다.
mock 당첨 되었습니다.
mock 당첨 되었습니다.
mock 당첨 되었습니다.
mock 당첨 되었습니다.
mock 당첨 되었습니다.
mock 당첨 되었습니다.
mock 당첨 되었습니다.
mock 당첨 되었습니다.
꽝 입니다
mock 당첨 되었습니다.
mock 당첨 되었습니다.
꽝 입니다
mock 당첨 되었습니다.
mock 당첨 되었습니다.
mock 당첨 되었습니다.
mock 당첨 되었습니다.
mock 당첨 되었습니다.
mock 당첨 되었습니다.
꽝 입니다
mock 당첨 되었습니다.
mock 당첨 되었습니다.
mock 당첨 되었습니다.
mock 당첨 되었습니다.
mock 당첨 되었습니다.
mock 당첨 되었습니다.
mock 당첨 되었습니다.
mock 당첨 되었습니다.
꽝 입니다
mock 당첨 되었습니다.
mock 당첨 되었습니다.
mock 당첨 되었습니다.
꽝 입니다
mock 당첨 되었습니다.
Gold 당첨 되었습니다.
mock 당첨 되었습니다.
꽝 입니다
재고가 부족합니다. 100원을 환불해 드립니다.
 100원을 환불해 드립니다.
100 원이 충전 되었습니다.
재고가 부족합니다. 100원을 환불해 드립니다.
 100원을 환불해 드립니다.
100 원이 충전 되었습니다.
꽝 입니다
재고가 부족합니다. 100원을 환불해 드립니다.
 100원을 환불해 드립니다.
100 원이 충전 되었습니다.
재고가 부족합니다. 100원을 환불해 드립니다.
 100원을 환불해 드립니다.
100 원이 충전 되었습니다.
꽝 입니다
재고가 부족합니다. 100원을 환불해 드립니다.
 100원을 환불해 드립니다.
100 원이 충전 되었습니다.
재고가 부족합니다. 100원을 환불해 드립니다.
 100원을 환불해 드립니다.
100 원이 충전 되었습니다.
재고가 부족합니다. 100원을 환불해 드립니다.
 100원을 환불해 드립니다.
100 원이 충전 되었습니다.
재고가 부족합니다. 100원을 환불해 드립니다.
 100원을 환불해 드립니다.
100 원이 충전 되었습니다.
재고가 부족합니다. 100원을 환불해 드립니다.
 100원을 환불해 드립니다.
100 원이 충전 되었습니다.
재고가 부족합니다. 100원을 환불해 드립니다.
 100원을 환불해 드립니다.
100 원이 충전 되었습니다.
재고가 부족합니다. 100원을 환불해 드립니다.
 100원을 환불해 드립니다.
100 원이 충전 되었습니다.
재고가 부족합니다. 100원을 환불해 드립니다.
 100원을 환불해 드립니다.
100 원이 충전 되었습니다.
재고가 부족합니다. 100원을 환불해 드립니다.
 100원을 환불해 드립니다.
100 원이 충전 되었습니다.
재고가 부족합니다. 100원을 환불해 드립니다.
 100원을 환불해 드립니다.
100 원이 충전 되었습니다.
재고가 부족합니다. 100원을 환불해 드립니다.
 100원을 환불해 드립니다.
100 원이 충전 되었습니다.
재고가 부족합니다. 100원을 환불해 드립니다.
 100원을 환불해 드립니다.
100 원이 충전 되었습니다.
재고가 부족합니다. 100원을 환불해 드립니다.
 100원을 환불해 드립니다.
100 원이 충전 되었습니다.
재고가 부족합니다. 100원을 환불해 드립니다.
 100원을 환불해 드립니다.
100 원이 충전 되었습니다.
재고가 부족합니다. 100원을 환불해 드립니다.
 100원을 환불해 드립니다.
100 원이 충전 되었습니다.
재고가 부족합니다. 100원을 환불해 드립니다.
 100원을 환불해 드립니다.
100 원이 충전 되었습니다.
재고가 부족합니다. 100원을 환불해 드립니다.
 100원을 환불해 드립니다.
100 원이 충전 되었습니다.
재고가 부족합니다. 100원을 환불해 드립니다.
 100원을 환불해 드립니다.
100 원이 충전 되었습니다.
재고가 부족합니다. 100원을 환불해 드립니다.
 100원을 환불해 드립니다.
100 원이 충전 되었습니다.
재고가 부족합니다. 100원을 환불해 드립니다.
 100원을 환불해 드립니다.
100 원이 충전 되었습니다.
재고가 부족합니다. 100원을 환불해 드립니다.
 100원을 환불해 드립니다.
100 원이 충전 되었습니다.
재고가 부족합니다. 100원을 환불해 드립니다.
 100원을 환불해 드립니다.
100 원이 충전 되었습니다.
재고가 부족합니다. 100원을 환불해 드립니다.
 100원을 환불해 드립니다.
100 원이 충전 되었습니다.
재고가 부족합니다. 100원을 환불해 드립니다.
 100원을 환불해 드립니다.
100 원이 충전 되었습니다.
재고가 부족합니다. 100원을 환불해 드립니다.
 100원을 환불해 드립니다.
100 원이 충전 되었습니다.
재고가 부족합니다. 100원을 환불해 드립니다.
 100원을 환불해 드립니다.
100 원이 충전 되었습니다.
꽝 입니다
재고가 부족합니다. 100원을 환불해 드립니다.
 100원을 환불해 드립니다.
100 원이 충전 되었습니다.
재고가 부족합니다. 100원을 환불해 드립니다.
 100원을 환불해 드립니다.
100 원이 충전 되었습니다.
재고가 부족합니다. 100원을 환불해 드립니다.
 100원을 환불해 드립니다.
100 원이 충전 되었습니다.
재고가 부족합니다. 100원을 환불해 드립니다.
 100원을 환불해 드립니다.
100 원이 충전 되었습니다.
재고가 부족합니다. 100원을 환불해 드립니다.
 100원을 환불해 드립니다.
100 원이 충전 되었습니다.
재고가 부족합니다. 100원을 환불해 드립니다.
 100원을 환불해 드립니다.
100 원이 충전 되었습니다.
재고가 부족합니다. 100원을 환불해 드립니다.
 100원을 환불해 드립니다.
100 원이 충전 되었습니다.
재고가 부족합니다. 100원을 환불해 드립니다.
 100원을 환불해 드립니다.
100 원이 충전 되었습니다.
재고가 부족합니다. 100원을 환불해 드립니다.
 100원을 환불해 드립니다.
100 원이 충전 되었습니다.
재고가 부족합니다. 100원을 환불해 드립니다.
 100원을 환불해 드립니다.
100 원이 충전 되었습니다.
재고가 부족합니다. 100원을 환불해 드립니다.
 100원을 환불해 드립니다.
100 원이 충전 되었습니다.
재고가 부족합니다. 100원을 환불해 드립니다.
 100원을 환불해 드립니다.
100 원이 충전 되었습니다.
재고가 부족합니다. 100원을 환불해 드립니다.
 100원을 환불해 드립니다.
100 원이 충전 되었습니다.
재고가 부족합니다. 100원을 환불해 드립니다.
 100원을 환불해 드립니다.
100 원이 충전 되었습니다.
재고가 부족합니다. 100원을 환불해 드립니다.
 100원을 환불해 드립니다.
100 원이 충전 되었습니다.
재고가 부족합니다. 100원을 환불해 드립니다.
 100원을 환불해 드립니다.
100 원이 충전 되었습니다.
재고가 부족합니다. 100원을 환불해 드립니다.
 100원을 환불해 드립니다.
100 원이 충전 되었습니다.
재고가 부족합니다. 100원을 환불해 드립니다.
 100원을 환불해 드립니다.
100 원이 충전 되었습니다.
재고가 부족합니다. 100원을 환불해 드립니다.
 100원을 환불해 드립니다.
100 원이 충전 되었습니다.
재고가 부족합니다. 100원을 환불해 드립니다.
 100원을 환불해 드립니다.
100 원이 충전 되었습니다.
재고가 부족합니다. 100원을 환불해 드립니다.
 100원을 환불해 드립니다.
100 원이 충전 되었습니다.
재고가 부족합니다. 100원을 환불해 드립니다.
 100원을 환불해 드립니다.
100 원이 충전 되었습니다.
재고가 부족합니다. 100원을 환불해 드립니다.
 100원을 환불해 드립니다.
100 원이 충전 되었습니다.
재고가 부족합니다. 100원을 환불해 드립니다.
 100원을 환불해 드립니다.
100 원이 충전 되었습니다.
재고가 부족합니다. 100원을 환불해 드립니다.
 100원을 환불해 드립니다.
100 원이 충전 되었습니다.
재고가 부족합니다. 100원을 환불해 드립니다.
 100원을 환불해 드립니다.
100 원이 충전 되었습니다.
재고가 부족합니다. 100원을 환불해 드립니다.
 100원을 환불해 드립니다.
100 원이 충전 되었습니다.
재고가 부족합니다. 100원을 환불해 드립니다.
 100원을 환불해 드립니다.
100 원이 충전 되었습니다.
재고가 부족합니다. 100원을 환불해 드립니다.
 100원을 환불해 드립니다.
100 원이 충전 되었습니다.
재고가 부족합니다. 100원을 환불해 드립니다.
 100원을 환불해 드립니다.
100 원이 충전 되었습니다.
재고가 부족합니다. 100원을 환불해 드립니다.
 100원을 환불해 드립니다.
100 원이 충전 되었습니다.
재고가 부족합니다. 100원을 환불해 드립니다.
 100원을 환불해 드립니다.
100 원이 충전 되었습니다.
재고가 부족합니다. 100원을 환불해 드립니다.
 100원을 환불해 드립니다.
100 원이 충전 되었습니다.
재고가 부족합니다. 100원을 환불해 드립니다.
 100원을 환불해 드립니다.
100 원이 충전 되었습니다.
재고가 부족합니다. 100원을 환불해 드립니다.
 100원을 환불해 드립니다.
100 원이 충전 되었습니다.
재고가 부족합니다. 100원을 환불해 드립니다.
 100원을 환불해 드립니다.
100 원이 충전 되었습니다.
재고가 부족합니다. 100원을 환불해 드립니다.
 100원을 환불해 드립니다.
100 원이 충전 되었습니다.
재고가 부족합니다. 100원을 환불해 드립니다.
 100원을 환불해 드립니다.
100 원이 충전 되었습니다.
재고가 부족합니다. 100원을 환불해 드립니다.
 100원을 환불해 드립니다.
100 원이 충전 되었습니다.
재고가 부족합니다. 100원을 환불해 드립니다.
 100원을 환불해 드립니다.
100 원이 충전 되었습니다.
재고가 부족합니다. 100원을 환불해 드립니다.
 100원을 환불해 드립니다.
100 원이 충전 되었습니다.
재고가 부족합니다. 100원을 환불해 드립니다.
 100원을 환불해 드립니다.
100 원이 충전 되었습니다.
재고가 부족합니다. 100원을 환불해 드립니다.
 100원을 환불해 드립니다.
100 원이 충전 되었습니다.
재고가 부족합니다. 100원을 환불해 드립니다.
 100원을 환불해 드립니다.
100 원이 충전 되었습니다.
재고가 부족합니다. 100원을 환불해 드립니다.
 100원을 환불해 드립니다.
100 원이 충전 되었습니다.
재고가 부족합니다. 100원을 환불해 드립니다.
 100원을 환불해 드립니다.
100 원이 충전 되었습니다.
재고가 부족합니다. 100원을 환불해 드립니다.
 100원을 환불해 드립니다.
100 원이 충전 되었습니다.
재고가 부족합니다. 100원을 환불해 드립니다.
 100원을 환불해 드립니다.
100 원이 충전 되었습니다.
재고가 부족합니다. 100원을 환불해 드립니다.
 100원을 환불해 드립니다.
100 원이 충전 되었습니다.
재고가 부족합니다. 100원을 환불해 드립니다.
 100원을 환불해 드립니다.
100 원이 충전 되었습니다.
재고가 부족합니다. 100원을 환불해 드립니다.
 100원을 환불해 드립니다.
100 원이 충전 되었습니다.
재고가 부족합니다. 100원을 환불해 드립니다.
 100원을 환불해 드립니다.
100 원이 충전 되었습니다.
재고가 부족합니다. 100원을 환불해 드립니다.
 100원을 환불해 드립니다.
100 원이 충전 되었습니다.
재고가 부족합니다. 100원을 환불해 드립니다.
 100원을 환불해 드립니다.
100 원이 충전 되었습니다.
재고가 부족합니다. 100원을 환불해 드립니다.
 100원을 환불해 드립니다.
100 원이 충전 되었습니다.
재고가 부족합니다. 100원을 환불해 드립니다.
 100원을 환불해 드립니다.
100 원이 충전 되었습니다.
재고가 부족합니다. 100원을 환불해 드립니다.
 100원을 환불해 드립니다.
100 원이 충전 되었습니다.
재고가 부족합니다. 100원을 환불해 드립니다.
 100원을 환불해 드립니다.
100 원이 충전 되었습니다.
재고가 부족합니다. 100원을 환불해 드립니다.
 100원을 환불해 드립니다.
100 원이 충전 되었습니다.
재고가 부족합니다. 100원을 환불해 드립니다.
 100원을 환불해 드립니다.
100 원이 충전 되었습니다.
재고가 부족합니다. 100원을 환불해 드립니다.
 100원을 환불해 드립니다.
100 원이 충전 되었습니다.
재고가 부족합니다. 100원을 환불해 드립니다.
 100원을 환불해 드립니다.
100 원이 충전 되었습니다.
재고가 부족합니다. 100원을 환불해 드립니다.
 100원을 환불해 드립니다.
100 원이 충전 되었습니다.
재고가 부족합니다. 100원을 환불해 드립니다.
 100원을 환불해 드립니다.
100 원이 충전 되었습니다.
재고가 부족합니다. 100원을 환불해 드립니다.
 100원을 환불해 드립니다.
100 원이 충전 되었습니다.
재고가 부족합니다. 100원을 환불해 드립니다.
 100원을 환불해 드립니다.
100 원이 충전 되었습니다.
재고가 부족합니다. 100원을 환불해 드립니다.
 100원을 환불해 드립니다.
100 원이 충전 되었습니다.
재고가 부족합니다. 100원을 환불해 드립니다.
 100원을 환불해 드립니다.
100 원이 충전 되었습니다.
재고가 부족합니다. 100원을 환불해 드립니다.
 100원을 환불해 드립니다.
100 원이 충전 되었습니다.
재고가 부족합니다. 100원을 환불해 드립니다.
 100원을 환불해 드립니다.
100 원이 충전 되었습니다.
재고가 부족합니다. 100원을 환불해 드립니다.
 100원을 환불해 드립니다.
100 원이 충전 되었습니다.
재고가 부족합니다. 100원을 환불해 드립니다.
 100원을 환불해 드립니다.
100 원이 충전 되었습니다.
재고가 부족합니다. 100원을 환불해 드립니다.
 100원을 환불해 드립니다.
100 원이 충전 되었습니다.
재고가 부족합니다. 100원을 환불해 드립니다.
 100원을 환불해 드립니다.
100 원이 충전 되었습니다.
재고가 부족합니다. 100원을 환불해 드립니다.
 100원을 환불해 드립니다.
100 원이 충전 되었습니다.
재고가 부족합니다. 100원을 환불해 드립니다.
 100원을 환불해 드립니다.
100 원이 충전 되었습니다.
재고가 부족합니다. 100원을 환불해 드립니다.
 100원을 환불해 드립니다.
100 원이 충전 되었습니다.
재고가 부족합니다. 100원을 환불해 드립니다.
 100원을 환불해 드립니다.
100 원이 충전 되었습니다.
재고가 부족합니다. 100원을 환불해 드립니다.
 100원을 환불해 드립니다.
100 원이 충전 되었습니다.
재고가 부족합니다. 100원을 환불해 드립니다.
 100원을 환불해 드립니다.
100 원이 충전 되었습니다.
재고가 부족합니다. 100원을 환불해 드립니다.
 100원을 환불해 드립니다.
100 원이 충전 되었습니다.
재고가 부족합니다. 100원을 환불해 드립니다.
 100원을 환불해 드립니다.
100 원이 충전 되었습니다.
재고가 부족합니다. 100원을 환불해 드립니다.
 100원을 환불해 드립니다.
100 원이 충전 되었습니다.
재고가 부족합니다. 100원을 환불해 드립니다.
 100원을 환불해 드립니다.
100 원이 충전 되었습니다.
재고가 부족합니다. 100원을 환불해 드립니다.
 100원을 환불해 드립니다.
100 원이 충전 되었습니다.
재고가 부족합니다. 100원을 환불해 드립니다.
 100원을 환불해 드립니다.
100 원이 충전 되었습니다.
재고가 부족합니다. 100원을 환불해 드립니다.
 100원을 환불해 드립니다.
100 원이 충전 되었습니다.
재고가 부족합니다. 100원을 환불해 드립니다.
 100원을 환불해 드립니다.
100 원이 충전 되었습니다.
재고가 부족합니다. 100원을 환불해 드립니다.
 100원을 환불해 드립니다.
100 원이 충전 되었습니다.
재고가 부족합니다. 100원을 환불해 드립니다.
 100원을 환불해 드립니다.
100 원이 충전 되었습니다.
재고가 부족합니다. 100원을 환불해 드립니다.
 100원을 환불해 드립니다.
100 원이 충전 되었습니다.
재고가 부족합니다. 100원을 환불해 드립니다.
 100원을 환불해 드립니다.
100 원이 충전 되었습니다.
재고가 부족합니다. 100원을 환불해 드립니다.
 100원을 환불해 드립니다.
100 원이 충전 되었습니다.
재고가 부족합니다. 100원을 환불해 드립니다.
 100원을 환불해 드립니다.
100 원이 충전 되었습니다.
재고가 부족합니다. 100원을 환불해 드립니다.
 100원을 환불해 드립니다.
100 원이 충전 되었습니다.
재고가 부족합니다. 100원을 환불해 드립니다.
 100원을 환불해 드립니다.
100 원이 충전 되었습니다.
재고가 부족합니다. 100원을 환불해 드립니다.
 100원을 환불해 드립니다.
100 원이 충전 되었습니다.
재고가 부족합니다. 100원을 환불해 드립니다.
 100원을 환불해 드립니다.
100 원이 충전 되었습니다.
재고가 부족합니다. 100원을 환불해 드립니다.
 100원을 환불해 드립니다.
100 원이 충전 되었습니다.
재고가 부족합니다. 100원을 환불해 드립니다.
 100원을 환불해 드립니다.
100 원이 충전 되었습니다.
재고가 부족합니다. 100원을 환불해 드립니다.
 100원을 환불해 드립니다.
100 원이 충전 되었습니다.
꽝 입니다
재고가 부족합니다. 100원을 환불해 드립니다.
 100원을 환불해 드립니다.
100 원이 충전 되었습니다.
재고가 부족합니다. 100원을 환불해 드립니다.
 100원을 환불해 드립니다.
100 원이 충전 되었습니다.
재고가 부족합니다. 100원을 환불해 드립니다.
 100원을 환불해 드립니다.
100 원이 충전 되었습니다.
재고가 부족합니다. 100원을 환불해 드립니다.
 100원을 환불해 드립니다.
100 원이 충전 되었습니다.
재고가 부족합니다. 100원을 환불해 드립니다.
 100원을 환불해 드립니다.
100 원이 충전 되었습니다.
재고가 부족합니다. 100원을 환불해 드립니다.
 100원을 환불해 드립니다.
100 원이 충전 되었습니다.
재고가 부족합니다. 100원을 환불해 드립니다.
 100원을 환불해 드립니다.
100 원이 충전 되었습니다.
재고가 부족합니다. 100원을 환불해 드립니다.
 100원을 환불해 드립니다.
100 원이 충전 되었습니다.
재고가 부족합니다. 100원을 환불해 드립니다.
 100원을 환불해 드립니다.
100 원이 충전 되었습니다.
재고가 부족합니다. 100원을 환불해 드립니다.
 100원을 환불해 드립니다.
100 원이 충전 되었습니다.
재고가 부족합니다. 100원을 환불해 드립니다.
 100원을 환불해 드립니다.
100 원이 충전 되었습니다.
재고가 부족합니다. 100원을 환불해 드립니다.
 100원을 환불해 드립니다.
100 원이 충전 되었습니다.
재고가 부족합니다. 100원을 환불해 드립니다.
 100원을 환불해 드립니다.
100 원이 충전 되었습니다.
재고가 부족합니다. 100원을 환불해 드립니다.
 100원을 환불해 드립니다.
100 원이 충전 되었습니다.
재고가 부족합니다. 100원을 환불해 드립니다.
 100원을 환불해 드립니다.
100 원이 충전 되었습니다.
재고가 부족합니다. 100원을 환불해 드립니다.
 100원을 환불해 드립니다.
100 원이 충전 되었습니다.
재고가 부족합니다. 100원을 환불해 드립니다.
 100원을 환불해 드립니다.
100 원이 충전 되었습니다.
재고가 부족합니다. 100원을 환불해 드립니다.
 100원을 환불해 드립니다.
100 원이 충전 되었습니다.
재고가 부족합니다. 100원을 환불해 드립니다.
 100원을 환불해 드립니다.
100 원이 충전 되었습니다.
재고가 부족합니다. 100원을 환불해 드립니다.
 100원을 환불해 드립니다.
100 원이 충전 되었습니다.
재고가 부족합니다. 100원을 환불해 드립니다.
 100원을 환불해 드립니다.
100 원이 충전 되었습니다.
재고가 부족합니다. 100원을 환불해 드립니다.
 100원을 환불해 드립니다.
100 원이 충전 되었습니다.
재고가 부족합니다. 100원을 환불해 드립니다.
 100원을 환불해 드립니다.
100 원이 충전 되었습니다.
재고가 부족합니다. 100원을 환불해 드립니다.
 100원을 환불해 드립니다.
100 원이 충전 되었습니다.
재고가 부족합니다. 100원을 환불해 드립니다.
 100원을 환불해 드립니다.
100 원이 충전 되었습니다.
재고가 부족합니다. 100원을 환불해 드립니다.
 100원을 환불해 드립니다.
100 원이 충전 되었습니다.
재고가 부족합니다. 100원을 환불해 드립니다.
 100원을 환불해 드립니다.
100 원이 충전 되었습니다.
재고가 부족합니다. 100원을 환불해 드립니다.
 100원을 환불해 드립니다.
100 원이 충전 되었습니다.
재고가 부족합니다. 100원을 환불해 드립니다.
 100원을 환불해 드립니다.
100 원이 충전 되었습니다.
재고가 부족합니다. 100원을 환불해 드립니다.
 100원을 환불해 드립니다.
100 원이 충전 되었습니다.
재고가 부족합니다. 100원을 환불해 드립니다.
 100원을 환불해 드립니다.
100 원이 충전 되었습니다.
재고가 부족합니다. 100원을 환불해 드립니다.
 100원을 환불해 드립니다.
100 원이 충전 되었습니다.
재고가 부족합니다. 100원을 환불해 드립니다.
 100원을 환불해 드립니다.
100 원이 충전 되었습니다.
재고가 부족합니다. 100원을 환불해 드립니다.
 100원을 환불해 드립니다.
100 원이 충전 되었습니다.
재고가 부족합니다. 100원을 환불해 드립니다.
 100원을 환불해 드립니다.
100 원이 충전 되었습니다.
꽝 입니다
재고가 부족합니다. 100원을 환불해 드립니다.
 100원을 환불해 드립니다.
100 원이 충전 되었습니다.
Gold 당첨 되었습니다.
재고가 부족합니다. 100원을 환불해 드립니다.
 100원을 환불해 드립니다.
100 원이 충전 되었습니다.
재고가 부족합니다. 100원을 환불해 드립니다.
 100원을 환불해 드립니다.
100 원이 충전 되었습니다.
재고가 부족합니다. 100원을 환불해 드립니다.
 100원을 환불해 드립니다.
100 원이 충전 되었습니다.
재고가 부족합니다. 100원을 환불해 드립니다.
 100원을 환불해 드립니다.
100 원이 충전 되었습니다.
꽝 입니다
재고가 부족합니다. 100원을 환불해 드립니다.
 100원을 환불해 드립니다.
100 원이 충전 되었습니다.
재고가 부족합니다. 100원을 환불해 드립니다.
 100원을 환불해 드립니다.
100 원이 충전 되었습니다.
재고가 부족합니다. 100원을 환불해 드립니다.
 100원을 환불해 드립니다.
100 원이 충전 되었습니다.
재고가 부족합니다. 100원을 환불해 드립니다.
 100원을 환불해 드립니다.
100 원이 충전 되었습니다.
재고가 부족합니다. 100원을 환불해 드립니다.
 100원을 환불해 드립니다.
100 원이 충전 되었습니다.
재고가 부족합니다. 100원을 환불해 드립니다.
 100원을 환불해 드립니다.
100 원이 충전 되었습니다.
재고가 부족합니다. 100원을 환불해 드립니다.
 100원을 환불해 드립니다.
100 원이 충전 되었습니다.
재고가 부족합니다. 100원을 환불해 드립니다.
 100원을 환불해 드립니다.
100 원이 충전 되었습니다.
재고가 부족합니다. 100원을 환불해 드립니다.
 100원을 환불해 드립니다.
100 원이 충전 되었습니다.
재고가 부족합니다. 100원을 환불해 드립니다.
 100원을 환불해 드립니다.
100 원이 충전 되었습니다.
재고가 부족합니다. 100원을 환불해 드립니다.
 100원을 환불해 드립니다.
100 원이 충전 되었습니다.
꽝 입니다
재고가 부족합니다. 100원을 환불해 드립니다.
 100원을 환불해 드립니다.
100 원이 충전 되었습니다.
재고가 부족합니다. 100원을 환불해 드립니다.
 100원을 환불해 드립니다.
100 원이 충전 되었습니다.
재고가 부족합니다. 100원을 환불해 드립니다.
 100원을 환불해 드립니다.
100 원이 충전 되었습니다.
재고가 부족합니다. 100원을 환불해 드립니다.
 100원을 환불해 드립니다.
100 원이 충전 되었습니다.
재고가 부족합니다. 100원을 환불해 드립니다.
 100원을 환불해 드립니다.
100 원이 충전 되었습니다.
재고가 부족합니다. 100원을 환불해 드립니다.
 100원을 환불해 드립니다.
100 원이 충전 되었습니다.
재고가 부족합니다. 100원을 환불해 드립니다.
 100원을 환불해 드립니다.
100 원이 충전 되었습니다.
재고가 부족합니다. 100원을 환불해 드립니다.
 100원을 환불해 드립니다.
100 원이 충전 되었습니다.
재고가 부족합니다. 100원을 환불해 드립니다.
 100원을 환불해 드립니다.
100 원이 충전 되었습니다.
재고가 부족합니다. 100원을 환불해 드립니다.
 100원을 환불해 드립니다.
100 원이 충전 되었습니다.
재고가 부족합니다. 100원을 환불해 드립니다.
 100원을 환불해 드립니다.
100 원이 충전 되었습니다.
재고가 부족합니다. 100원을 환불해 드립니다.
 100원을 환불해 드립니다.
100 원이 충전 되었습니다.
재고가 부족합니다. 100원을 환불해 드립니다.
 100원을 환불해 드립니다.
100 원이 충전 되었습니다.
꽝 입니다
재고가 부족합니다. 100원을 환불해 드립니다.
 100원을 환불해 드립니다.
100 원이 충전 되었습니다.
재고가 부족합니다. 100원을 환불해 드립니다.
 100원을 환불해 드립니다.
100 원이 충전 되었습니다.
재고가 부족합니다. 100원을 환불해 드립니다.
 100원을 환불해 드립니다.
100 원이 충전 되었습니다.
꽝 입니다
재고가 부족합니다. 100원을 환불해 드립니다.
 100원을 환불해 드립니다.
100 원이 충전 되었습니다.
재고가 부족합니다. 100원을 환불해 드립니다.
 100원을 환불해 드립니다.
100 원이 충전 되었습니다.
재고가 부족합니다. 100원을 환불해 드립니다.
 100원을 환불해 드립니다.
100 원이 충전 되었습니다.
재고가 부족합니다. 100원을 환불해 드립니다.
 100원을 환불해 드립니다.
100 원이 충전 되었습니다.
재고가 부족합니다. 100원을 환불해 드립니다.
 100원을 환불해 드립니다.
100 원이 충전 되었습니다.
재고가 부족합니다. 100원을 환불해 드립니다.
 100원을 환불해 드립니다.
100 원이 충전 되었습니다.
재고가 부족합니다. 100원을 환불해 드립니다.
 100원을 환불해 드립니다.
100 원이 충전 되었습니다.
재고가 부족합니다. 100원을 환불해 드립니다.
 100원을 환불해 드립니다.
100 원이 충전 되었습니다.
꽝 입니다
재고가 부족합니다. 100원을 환불해 드립니다.
 100원을 환불해 드립니다.
100 원이 충전 되었습니다.
재고가 부족합니다. 100원을 환불해 드립니다.
 100원을 환불해 드립니다.
100 원이 충전 되었습니다.
재고가 부족합니다. 100원을 환불해 드립니다.
 100원을 환불해 드립니다.
100 원이 충전 되었습니다.
재고가 부족합니다. 100원을 환불해 드립니다.
 100원을 환불해 드립니다.
100 원이 충전 되었습니다.
재고가 부족합니다. 100원을 환불해 드립니다.
 100원을 환불해 드립니다.
100 원이 충전 되었습니다.
재고가 부족합니다. 100원을 환불해 드립니다.
 100원을 환불해 드립니다.
100 원이 충전 되었습니다.
재고가 부족합니다. 100원을 환불해 드립니다.
 100원을 환불해 드립니다.
100 원이 충전 되었습니다.
재고가 부족합니다. 100원을 환불해 드립니다.
 100원을 환불해 드립니다.
100 원이 충전 되었습니다.
재고가 부족합니다. 100원을 환불해 드립니다.
 100원을 환불해 드립니다.
100 원이 충전 되었습니다.
재고가 부족합니다. 100원을 환불해 드립니다.
 100원을 환불해 드립니다.
100 원이 충전 되었습니다.
재고가 부족합니다. 100원을 환불해 드립니다.
 100원을 환불해 드립니다.
100 원이 충전 되었습니다.
재고가 부족합니다. 100원을 환불해 드립니다.
 100원을 환불해 드립니다.
100 원이 충전 되었습니다.
재고가 부족합니다. 100원을 환불해 드립니다.
 100원을 환불해 드립니다.
100 원이 충전 되었습니다.
재고가 부족합니다. 100원을 환불해 드립니다.
 100원을 환불해 드립니다.
100 원이 충전 되었습니다.
재고가 부족합니다. 100원을 환불해 드립니다.
 100원을 환불해 드립니다.
100 원이 충전 되었습니다.
재고가 부족합니다. 100원을 환불해 드립니다.
 100원을 환불해 드립니다.
100 원이 충전 되었습니다.
재고가 부족합니다. 100원을 환불해 드립니다.
 100원을 환불해 드립니다.
100 원이 충전 되었습니다.
재고가 부족합니다. 100원을 환불해 드립니다.
 100원을 환불해 드립니다.
100 원이 충전 되었습니다.
재고가 부족합니다. 100원을 환불해 드립니다.
 100원을 환불해 드립니다.
100 원이 충전 되었습니다.
재고가 부족합니다. 100원을 환불해 드립니다.
 100원을 환불해 드립니다.
100 원이 충전 되었습니다.
재고가 부족합니다. 100원을 환불해 드립니다.
 100원을 환불해 드립니다.
100 원이 충전 되었습니다.
재고가 부족합니다. 100원을 환불해 드립니다.
 100원을 환불해 드립니다.
100 원이 충전 되었습니다.
재고가 부족합니다. 100원을 환불해 드립니다.
 100원을 환불해 드립니다.
100 원이 충전 되었습니다.
재고가 부족합니다. 100원을 환불해 드립니다.
 100원을 환불해 드립니다.
100 원이 충전 되었습니다.
재고가 부족합니다. 100원을 환불해 드립니다.
 100원을 환불해 드립니다.
100 원이 충전 되었습니다.
꽝 입니다
재고가 부족합니다. 100원을 환불해 드립니다.
 100원을 환불해 드립니다.
100 원이 충전 되었습니다.
재고가 부족합니다. 100원을 환불해 드립니다.
 100원을 환불해 드립니다.
100 원이 충전 되었습니다.
재고가 부족합니다. 100원을 환불해 드립니다.
 100원을 환불해 드립니다.
100 원이 충전 되었습니다.
재고가 부족합니다. 100원을 환불해 드립니다.
 100원을 환불해 드립니다.
100 원이 충전 되었습니다.
재고가 부족합니다. 100원을 환불해 드립니다.
 100원을 환불해 드립니다.
100 원이 충전 되었습니다.
재고가 부족합니다. 100원을 환불해 드립니다.
 100원을 환불해 드립니다.
100 원이 충전 되었습니다.
꽝 입니다
꽝 입니다
꽝 입니다
꽝 입니다
재고가 부족합니다. 100원을 환불해 드립니다.
 100원을 환불해 드립니다.
100 원이 충전 되었습니다.
재고가 부족합니다. 100원을 환불해 드립니다.
 100원을 환불해 드립니다.
100 원이 충전 되었습니다.
재고가 부족합니다. 100원을 환불해 드립니다.
 100원을 환불해 드립니다.
100 원이 충전 되었습니다.
재고가 부족합니다. 100원을 환불해 드립니다.
 100원을 환불해 드립니다.
100 원이 충전 되었습니다.
재고가 부족합니다. 100원을 환불해 드립니다.
 100원을 환불해 드립니다.
100 원이 충전 되었습니다.
재고가 부족합니다. 100원을 환불해 드립니다.
 100원을 환불해 드립니다.
100 원이 충전 되었습니다.
재고가 부족합니다. 100원을 환불해 드립니다.
 100원을 환불해 드립니다.
100 원이 충전 되었습니다.
재고가 부족합니다. 100원을 환불해 드립니다.
 100원을 환불해 드립니다.
100 원이 충전 되었습니다.
재고가 부족합니다. 100원을 환불해 드립니다.
 100원을 환불해 드립니다.
100 원이 충전 되었습니다.
재고가 부족합니다. 100원을 환불해 드립니다.
 100원을 환불해 드립니다.
100 원이 충전 되었습니다.
재고가 부족합니다. 100원을 환불해 드립니다.
 100원을 환불해 드립니다.
100 원이 충전 되었습니다.
재고가 부족합니다. 100원을 환불해 드립니다.
 100원을 환불해 드립니다.
100 원이 충전 되었습니다.
재고가 부족합니다. 100원을 환불해 드립니다.
 100원을 환불해 드립니다.
100 원이 충전 되었습니다.
재고가 부족합니다. 100원을 환불해 드립니다.
 100원을 환불해 드립니다.
100 원이 충전 되었습니다.
재고가 부족합니다. 100원을 환불해 드립니다.
 100원을 환불해 드립니다.
100 원이 충전 되었습니다.
재고가 부족합니다. 100원을 환불해 드립니다.
 100원을 환불해 드립니다.
100 원이 충전 되었습니다.
재고가 부족합니다. 100원을 환불해 드립니다.
 100원을 환불해 드립니다.
100 원이 충전 되었습니다.
재고가 부족합니다. 100원을 환불해 드립니다.
 100원을 환불해 드립니다.
100 원이 충전 되었습니다.
꽝 입니다
재고가 부족합니다. 100원을 환불해 드립니다.
 100원을 환불해 드립니다.
100 원이 충전 되었습니다.
재고가 부족합니다. 100원을 환불해 드립니다.
 100원을 환불해 드립니다.
100 원이 충전 되었습니다.
꽝 입니다
재고가 부족합니다. 100원을 환불해 드립니다.
 100원을 환불해 드립니다.
100 원이 충전 되었습니다.
재고가 부족합니다. 100원을 환불해 드립니다.
 100원을 환불해 드립니다.
100 원이 충전 되었습니다.
재고가 부족합니다. 100원을 환불해 드립니다.
 100원을 환불해 드립니다.
100 원이 충전 되었습니다.
재고가 부족합니다. 100원을 환불해 드립니다.
 100원을 환불해 드립니다.
100 원이 충전 되었습니다.
재고가 부족합니다. 100원을 환불해 드립니다.
 100원을 환불해 드립니다.
100 원이 충전 되었습니다.
재고가 부족합니다. 100원을 환불해 드립니다.
 100원을 환불해 드립니다.
100 원이 충전 되었습니다.
재고가 부족합니다. 100원을 환불해 드립니다.
 100원을 환불해 드립니다.
100 원이 충전 되었습니다.
재고가 부족합니다. 100원을 환불해 드립니다.
 100원을 환불해 드립니다.
100 원이 충전 되었습니다.
재고가 부족합니다. 100원을 환불해 드립니다.
 100원을 환불해 드립니다.
100 원이 충전 되었습니다.
재고가 부족합니다. 100원을 환불해 드립니다.
 100원을 환불해 드립니다.
100 원이 충전 되었습니다.
꽝 입니다
재고가 부족합니다. 100원을 환불해 드립니다.
 100원을 환불해 드립니다.
100 원이 충전 되었습니다.
재고가 부족합니다. 100원을 환불해 드립니다.
 100원을 환불해 드립니다.
100 원이 충전 되었습니다.
재고가 부족합니다. 100원을 환불해 드립니다.
 100원을 환불해 드립니다.
100 원이 충전 되었습니다.
재고가 부족합니다. 100원을 환불해 드립니다.
 100원을 환불해 드립니다.
100 원이 충전 되었습니다.
재고가 부족합니다. 100원을 환불해 드립니다.
 100원을 환불해 드립니다.
100 원이 충전 되었습니다.
재고가 부족합니다. 100원을 환불해 드립니다.
 100원을 환불해 드립니다.
100 원이 충전 되었습니다.
재고가 부족합니다. 100원을 환불해 드립니다.
 100원을 환불해 드립니다.
100 원이 충전 되었습니다.
재고가 부족합니다. 100원을 환불해 드립니다.
 100원을 환불해 드립니다.
100 원이 충전 되었습니다.
재고가 부족합니다. 100원을 환불해 드립니다.
 100원을 환불해 드립니다.
100 원이 충전 되었습니다.
재고가 부족합니다. 100원을 환불해 드립니다.
 100원을 환불해 드립니다.
100 원이 충전 되었습니다.
재고가 부족합니다. 100원을 환불해 드립니다.
 100원을 환불해 드립니다.
100 원이 충전 되었습니다.
재고가 부족합니다. 100원을 환불해 드립니다.
 100원을 환불해 드립니다.
100 원이 충전 되었습니다.
꽝 입니다
재고가 부족합니다. 100원을 환불해 드립니다.
 100원을 환불해 드립니다.
100 원이 충전 되었습니다.
재고가 부족합니다. 100원을 환불해 드립니다.
 100원을 환불해 드립니다.
100 원이 충전 되었습니다.
재고가 부족합니다. 100원을 환불해 드립니다.
 100원을 환불해 드립니다.
100 원이 충전 되었습니다.
재고가 부족합니다. 100원을 환불해 드립니다.
 100원을 환불해 드립니다.
100 원이 충전 되었습니다.
재고가 부족합니다. 100원을 환불해 드립니다.
 100원을 환불해 드립니다.
100 원이 충전 되었습니다.
꽝 입니다
재고가 부족합니다. 100원을 환불해 드립니다.
 100원을 환불해 드립니다.
100 원이 충전 되었습니다.
꽝 입니다
재고가 부족합니다. 100원을 환불해 드립니다.
 100원을 환불해 드립니다.
100 원이 충전 되었습니다.
재고가 부족합니다. 100원을 환불해 드립니다.
 100원을 환불해 드립니다.
100 원이 충전 되었습니다.
재고가 부족합니다. 100원을 환불해 드립니다.
 100원을 환불해 드립니다.
100 원이 충전 되었습니다.
재고가 부족합니다. 100원을 환불해 드립니다.
 100원을 환불해 드립니다.
100 원이 충전 되었습니다.
재고가 부족합니다. 100원을 환불해 드립니다.
 100원을 환불해 드립니다.
100 원이 충전 되었습니다.
재고가 부족합니다. 100원을 환불해 드립니다.
 100원을 환불해 드립니다.
100 원이 충전 되었습니다.
재고가 부족합니다. 100원을 환불해 드립니다.
 100원을 환불해 드립니다.
100 원이 충전 되었습니다.
재고가 부족합니다. 100원을 환불해 드립니다.
 100원을 환불해 드립니다.
100 원이 충전 되었습니다.
재고가 부족합니다. 100원을 환불해 드립니다.
 100원을 환불해 드립니다.
100 원이 충전 되었습니다.
재고가 부족합니다. 100원을 환불해 드립니다.
 100원을 환불해 드립니다.
100 원이 충전 되었습니다.
재고가 부족합니다. 100원을 환불해 드립니다.
 100원을 환불해 드립니다.
100 원이 충전 되었습니다.
재고가 부족합니다. 100원을 환불해 드립니다.
 100원을 환불해 드립니다.
100 원이 충전 되었습니다.
재고가 부족합니다. 100원을 환불해 드립니다.
 100원을 환불해 드립니다.
100 원이 충전 되었습니다.
재고가 부족합니다. 100원을 환불해 드립니다.
 100원을 환불해 드립니다.
100 원이 충전 되었습니다.
꽝 입니다
재고가 부족합니다. 100원을 환불해 드립니다.
 100원을 환불해 드립니다.
100 원이 충전 되었습니다.
재고가 부족합니다. 100원을 환불해 드립니다.
 100원을 환불해 드립니다.
100 원이 충전 되었습니다.
재고가 부족합니다. 100원을 환불해 드립니다.
 100원을 환불해 드립니다.
100 원이 충전 되었습니다.
재고가 부족합니다. 100원을 환불해 드립니다.
 100원을 환불해 드립니다.
100 원이 충전 되었습니다.
재고가 부족합니다. 100원을 환불해 드립니다.
 100원을 환불해 드립니다.
100 원이 충전 되었습니다.
재고가 부족합니다. 100원을 환불해 드립니다.
 100원을 환불해 드립니다.
100 원이 충전 되었습니다.
재고가 부족합니다. 100원을 환불해 드립니다.
 100원을 환불해 드립니다.
100 원이 충전 되었습니다.
재고가 부족합니다. 100원을 환불해 드립니다.
 100원을 환불해 드립니다.
100 원이 충전 되었습니다.
재고가 부족합니다. 100원을 환불해 드립니다.
 100원을 환불해 드립니다.
100 원이 충전 되었습니다.
재고가 부족합니다. 100원을 환불해 드립니다.
 100원을 환불해 드립니다.
100 원이 충전 되었습니다.
재고가 부족합니다. 100원을 환불해 드립니다.
 100원을 환불해 드립니다.
100 원이 충전 되었습니다.
재고가 부족합니다. 100원을 환불해 드립니다.
 100원을 환불해 드립니다.
100 원이 충전 되었습니다.
재고가 부족합니다. 100원을 환불해 드립니다.
 100원을 환불해 드립니다.
100 원이 충전 되었습니다.
재고가 부족합니다. 100원을 환불해 드립니다.
 100원을 환불해 드립니다.
100 원이 충전 되었습니다.
재고가 부족합니다. 100원을 환불해 드립니다.
 100원을 환불해 드립니다.
100 원이 충전 되었습니다.
재고가 부족합니다. 100원을 환불해 드립니다.
 100원을 환불해 드립니다.
100 원이 충전 되었습니다.
재고가 부족합니다. 100원을 환불해 드립니다.
 100원을 환불해 드립니다.
100 원이 충전 되었습니다.
재고가 부족합니다. 100원을 환불해 드립니다.
 100원을 환불해 드립니다.
100 원이 충전 되었습니다.
재고가 부족합니다. 100원을 환불해 드립니다.
 100원을 환불해 드립니다.
100 원이 충전 되었습니다.
재고가 부족합니다. 100원을 환불해 드립니다.
 100원을 환불해 드립니다.
100 원이 충전 되었습니다.
재고가 부족합니다. 100원을 환불해 드립니다.
 100원을 환불해 드립니다.
100 원이 충전 되었습니다.
재고가 부족합니다. 100원을 환불해 드립니다.
 100원을 환불해 드립니다.
100 원이 충전 되었습니다.
재고가 부족합니다. 100원을 환불해 드립니다.
 100원을 환불해 드립니다.
100 원이 충전 되었습니다.
꽝 입니다
꽝 입니다
재고가 부족합니다. 100원을 환불해 드립니다.
 100원을 환불해 드립니다.
100 원이 충전 되었습니다.
재고가 부족합니다. 100원을 환불해 드립니다.
 100원을 환불해 드립니다.
100 원이 충전 되었습니다.
꽝 입니다
재고가 부족합니다. 100원을 환불해 드립니다.
 100원을 환불해 드립니다.
100 원이 충전 되었습니다.
재고가 부족합니다. 100원을 환불해 드립니다.
 100원을 환불해 드립니다.
100 원이 충전 되었습니다.
재고가 부족합니다. 100원을 환불해 드립니다.
 100원을 환불해 드립니다.
100 원이 충전 되었습니다.
재고가 부족합니다. 100원을 환불해 드립니다.
 100원을 환불해 드립니다.
100 원이 충전 되었습니다.
재고가 부족합니다. 100원을 환불해 드립니다.
 100원을 환불해 드립니다.
100 원이 충전 되었습니다.
재고가 부족합니다. 100원을 환불해 드립니다.
 100원을 환불해 드립니다.
100 원이 충전 되었습니다.
재고가 부족합니다. 100원을 환불해 드립니다.
 100원을 환불해 드립니다.
100 원이 충전 되었습니다.
재고가 부족합니다. 100원을 환불해 드립니다.
 100원을 환불해 드립니다.
100 원이 충전 되었습니다.
재고가 부족합니다. 100원을 환불해 드립니다.
 100원을 환불해 드립니다.
100 원이 충전 되었습니다.
재고가 부족합니다. 100원을 환불해 드립니다.
 100원을 환불해 드립니다.
100 원이 충전 되었습니다.
재고가 부족합니다. 100원을 환불해 드립니다.
 100원을 환불해 드립니다.
100 원이 충전 되었습니다.
재고가 부족합니다. 100원을 환불해 드립니다.
 100원을 환불해 드립니다.
100 원이 충전 되었습니다.
재고가 부족합니다. 100원을 환불해 드립니다.
 100원을 환불해 드립니다.
100 원이 충전 되었습니다.
꽝 입니다
재고가 부족합니다. 100원을 환불해 드립니다.
 100원을 환불해 드립니다.
100 원이 충전 되었습니다.
재고가 부족합니다. 100원을 환불해 드립니다.
 100원을 환불해 드립니다.
100 원이 충전 되었습니다.
재고가 부족합니다. 100원을 환불해 드립니다.
 100원을 환불해 드립니다.
100 원이 충전 되었습니다.
재고가 부족합니다. 100원을 환불해 드립니다.
 100원을 환불해 드립니다.
100 원이 충전 되었습니다.
재고가 부족합니다. 100원을 환불해 드립니다.
 100원을 환불해 드립니다.
100 원이 충전 되었습니다.
재고가 부족합니다. 100원을 환불해 드립니다.
 100원을 환불해 드립니다.
100 원이 충전 되었습니다.
재고가 부족합니다. 100원을 환불해 드립니다.
 100원을 환불해 드립니다.
100 원이 충전 되었습니다.
재고가 부족합니다. 100원을 환불해 드립니다.
 100원을 환불해 드립니다.
100 원이 충전 되었습니다.
재고가 부족합니다. 100원을 환불해 드립니다.
 100원을 환불해 드립니다.
100 원이 충전 되었습니다.
재고가 부족합니다. 100원을 환불해 드립니다.
 100원을 환불해 드립니다.
100 원이 충전 되었습니다.
재고가 부족합니다. 100원을 환불해 드립니다.
 100원을 환불해 드립니다.
100 원이 충전 되었습니다.
재고가 부족합니다. 100원을 환불해 드립니다.
 100원을 환불해 드립니다.
100 원이 충전 되었습니다.
재고가 부족합니다. 100원을 환불해 드립니다.
 100원을 환불해 드립니다.
100 원이 충전 되었습니다.
재고가 부족합니다. 100원을 환불해 드립니다.
 100원을 환불해 드립니다.
100 원이 충전 되었습니다.
재고가 부족합니다. 100원을 환불해 드립니다.
 100원을 환불해 드립니다.
100 원이 충전 되었습니다.
재고가 부족합니다. 100원을 환불해 드립니다.
 100원을 환불해 드립니다.
100 원이 충전 되었습니다.
재고가 부족합니다. 100원을 환불해 드립니다.
 100원을 환불해 드립니다.
100 원이 충전 되었습니다.
재고가 부족합니다. 100원을 환불해 드립니다.
 100원을 환불해 드립니다.
100 원이 충전 되었습니다.
재고가 부족합니다. 100원을 환불해 드립니다.
 100원을 환불해 드립니다.
100 원이 충전 되었습니다.
재고가 부족합니다. 100원을 환불해 드립니다.
 100원을 환불해 드립니다.
100 원이 충전 되었습니다.
재고가 부족합니다. 100원을 환불해 드립니다.
 100원을 환불해 드립니다.
100 원이 충전 되었습니다.
재고가 부족합니다. 100원을 환불해 드립니다.
 100원을 환불해 드립니다.
100 원이 충전 되었습니다.

현재 남은 잔액은 95900원 입니다
[------HELP------]
응모 : DRAW [시행횟수]
충전 : INSERT
종료 : EXIT
]]></system-out>
  </testcase>
  <testcase name="businessTeamTest09HappyCase" classname="project02.BusinessTeamTest" time="0.061">
    <system-out><![CDATA[[빠칭코 상품 뽑기 서비스]
명령어를 입력해주세요


현재 남은 잔액은 10000원 입니다
[------HELP------]
응모 : DRAW [시행횟수]
충전 : INSERT
종료 : EXIT
100000 원이 충전 되었습니다.

현재 남은 잔액은 110000원 입니다
[------HELP------]
응모 : DRAW [시행횟수]
충전 : INSERT
종료 : EXIT
mock 당첨 되었습니다.
mock 당첨 되었습니다.
mock 당첨 되었습니다.
mock 당첨 되었습니다.
mock 당첨 되었습니다.
mock 당첨 되었습니다.
mock 당첨 되었습니다.
mock 당첨 되었습니다.
mock 당첨 되었습니다.
mock 당첨 되었습니다.
mock 당첨 되었습니다.
꽝 입니다
mock 당첨 되었습니다.
mock 당첨 되었습니다.
mock 당첨 되었습니다.
mock 당첨 되었습니다.
mock 당첨 되었습니다.
mock 당첨 되었습니다.
mock 당첨 되었습니다.
mock 당첨 되었습니다.
mock 당첨 되었습니다.
꽝 입니다
mock 당첨 되었습니다.
mock 당첨 되었습니다.
mock 당첨 되었습니다.
꽝 입니다
mock 당첨 되었습니다.
mock 당첨 되었습니다.
mock 당첨 되었습니다.
mock 당첨 되었습니다.
mock 당첨 되었습니다.
꽝 입니다
mock 당첨 되었습니다.
mock 당첨 되었습니다.
mock 당첨 되었습니다.
mock 당첨 되었습니다.
mock 당첨 되었습니다.
mock 당첨 되었습니다.
mock 당첨 되었습니다.
mock 당첨 되었습니다.
mock 당첨 되었습니다.
mock 당첨 되었습니다.
mock 당첨 되었습니다.
mock 당첨 되었습니다.
mock 당첨 되었습니다.
꽝 입니다
꽝 입니다
mock 당첨 되었습니다.
mock 당첨 되었습니다.
꽝 입니다
mock 당첨 되었습니다.
mock 당첨 되었습니다.
mock 당첨 되었습니다.
mock 당첨 되었습니다.
mock 당첨 되었습니다.
mock 당첨 되었습니다.
mock 당첨 되었습니다.
mock 당첨 되었습니다.
mock 당첨 되었습니다.
mock 당첨 되었습니다.
mock 당첨 되었습니다.
mock 당첨 되었습니다.
mock 당첨 되었습니다.
mock 당첨 되었습니다.
mock 당첨 되었습니다.
mock 당첨 되었습니다.
mock 당첨 되었습니다.
mock 당첨 되었습니다.
mock 당첨 되었습니다.
mock 당첨 되었습니다.
mock 당첨 되었습니다.
꽝 입니다
mock 당첨 되었습니다.
mock 당첨 되었습니다.
mock 당첨 되었습니다.
꽝 입니다
꽝 입니다
mock 당첨 되었습니다.
mock 당첨 되었습니다.
mock 당첨 되었습니다.
Gold 당첨 되었습니다.
mock 당첨 되었습니다.
mock 당첨 되었습니다.
mock 당첨 되었습니다.
mock 당첨 되었습니다.
mock 당첨 되었습니다.
mock 당첨 되었습니다.
mock 당첨 되었습니다.
mock 당첨 되었습니다.
mock 당첨 되었습니다.
mock 당첨 되었습니다.
꽝 입니다
mock 당첨 되었습니다.
mock 당첨 되었습니다.
꽝 입니다
mock 당첨 되었습니다.
mock 당첨 되었습니다.
mock 당첨 되었습니다.
mock 당첨 되었습니다.
mock 당첨 되었습니다.
mock 당첨 되었습니다.
mock 당첨 되었습니다.
mock 당첨 되었습니다.
mock 당첨 되었습니다.
mock 당첨 되었습니다.
mock 당첨 되었습니다.
mock 당첨 되었습니다.
꽝 입니다
mock 당첨 되었습니다.
꽝 입니다
mock 당첨 되었습니다.
mock 당첨 되었습니다.
mock 당첨 되었습니다.
mock 당첨 되었습니다.
mock 당첨 되었습니다.
mock 당첨 되었습니다.
mock 당첨 되었습니다.
mock 당첨 되었습니다.
mock 당첨 되었습니다.
mock 당첨 되었습니다.
mock 당첨 되었습니다.
mock 당첨 되었습니다.
mock 당첨 되었습니다.
mock 당첨 되었습니다.
mock 당첨 되었습니다.
mock 당첨 되었습니다.
mock 당첨 되었습니다.
mock 당첨 되었습니다.
mock 당첨 되었습니다.
mock 당첨 되었습니다.
꽝 입니다
mock 당첨 되었습니다.
mock 당첨 되었습니다.
꽝 입니다
mock 당첨 되었습니다.
Gold 당첨 되었습니다.
mock 당첨 되었습니다.
mock 당첨 되었습니다.
mock 당첨 되었습니다.
mock 당첨 되었습니다.
mock 당첨 되었습니다.
mock 당첨 되었습니다.
mock 당첨 되었습니다.
mock 당첨 되었습니다.
mock 당첨 되었습니다.
mock 당첨 되었습니다.
꽝 입니다
mock 당첨 되었습니다.
mock 당첨 되었습니다.
mock 당첨 되었습니다.
꽝 입니다
mock 당첨 되었습니다.
mock 당첨 되었습니다.
mock 당첨 되었습니다.
mock 당첨 되었습니다.
꽝 입니다
mock 당첨 되었습니다.
꽝 입니다
꽝 입니다
mock 당첨 되었습니다.
mock 당첨 되었습니다.
mock 당첨 되었습니다.
mock 당첨 되었습니다.
mock 당첨 되었습니다.
mock 당첨 되었습니다.
mock 당첨 되었습니다.
mock 당첨 되었습니다.
mock 당첨 되었습니다.
mock 당첨 되었습니다.
mock 당첨 되었습니다.
mock 당첨 되었습니다.
mock 당첨 되었습니다.
mock 당첨 되었습니다.
mock 당첨 되었습니다.
mock 당첨 되었습니다.
mock 당첨 되었습니다.
mock 당첨 되었습니다.
mock 당첨 되었습니다.
꽝 입니다
mock 당첨 되었습니다.
mock 당첨 되었습니다.
mock 당첨 되었습니다.
mock 당첨 되었습니다.
mock 당첨 되었습니다.
mock 당첨 되었습니다.
mock 당첨 되었습니다.
mock 당첨 되었습니다.
mock 당첨 되었습니다.
mock 당첨 되었습니다.
꽝 입니다
mock 당첨 되었습니다.
꽝 입니다
mock 당첨 되었습니다.
꽝 입니다
mock 당첨 되었습니다.
Gold 당첨 되었습니다.
mock 당첨 되었습니다.
B등급 상품은 최대 3번까지만 당첨 될수 있습니다.
 100원을 환불해 드립니다.
100 원이 충전 되었습니다.
mock 당첨 되었습니다.
mock 당첨 되었습니다.
mock 당첨 되었습니다.
mock 당첨 되었습니다.
mock 당첨 되었습니다.
mock 당첨 되었습니다.
mock 당첨 되었습니다.
mock 당첨 되었습니다.
mock 당첨 되었습니다.
B등급 상품은 최대 3번까지만 당첨 될수 있습니다.
 100원을 환불해 드립니다.
100 원이 충전 되었습니다.
B등급 상품은 최대 3번까지만 당첨 될수 있습니다.
 100원을 환불해 드립니다.
100 원이 충전 되었습니다.
mock 당첨 되었습니다.
mock 당첨 되었습니다.
mock 당첨 되었습니다.
mock 당첨 되었습니다.
B등급 상품은 최대 3번까지만 당첨 될수 있습니다.
 100원을 환불해 드립니다.
100 원이 충전 되었습니다.
mock 당첨 되었습니다.
mock 당첨 되었습니다.
mock 당첨 되었습니다.
mock 당첨 되었습니다.
mock 당첨 되었습니다.
B등급 상품은 최대 3번까지만 당첨 될수 있습니다.
 100원을 환불해 드립니다.
100 원이 충전 되었습니다.
mock 당첨 되었습니다.
mock 당첨 되었습니다.
mock 당첨 되었습니다.
mock 당첨 되었습니다.
mock 당첨 되었습니다.
mock 당첨 되었습니다.
mock 당첨 되었습니다.
mock 당첨 되었습니다.
mock 당첨 되었습니다.
mock 당첨 되었습니다.
mock 당첨 되었습니다.
mock 당첨 되었습니다.
mock 당첨 되었습니다.
B등급 상품은 최대 3번까지만 당첨 될수 있습니다.
 100원을 환불해 드립니다.
100 원이 충전 되었습니다.
B등급 상품은 최대 3번까지만 당첨 될수 있습니다.
 100원을 환불해 드립니다.
100 원이 충전 되었습니다.
mock 당첨 되었습니다.
mock 당첨 되었습니다.
mock 당첨 되었습니다.
mock 당첨 되었습니다.
mock 당첨 되었습니다.
B등급 상품은 최대 3번까지만 당첨 될수 있습니다.
 100원을 환불해 드립니다.
100 원이 충전 되었습니다.
mock 당첨 되었습니다.
mock 당첨 되었습니다.
mock 당첨 되었습니다.
mock 당첨 되었습니다.
B등급 상품은 최대 3번까지만 당첨 될수 있습니다.
 100원을 환불해 드립니다.
100 원이 충전 되었습니다.
mock 당첨 되었습니다.
mock 당첨 되었습니다.
mock 당첨 되었습니다.
mock 당첨 되었습니다.
mock 당첨 되었습니다.
mock 당첨 되었습니다.
B등급 상품은 최대 3번까지만 당첨 될수 있습니다.
 100원을 환불해 드립니다.
100 원이 충전 되었습니다.
mock 당첨 되었습니다.
mock 당첨 되었습니다.
mock 당첨 되었습니다.
mock 당첨 되었습니다.
mock 당첨 되었습니다.
mock 당첨 되었습니다.
mock 당첨 되었습니다.
mock 당첨 되었습니다.
mock 당첨 되었습니다.
mock 당첨 되었습니다.
mock 당첨 되었습니다.
B등급 상품은 최대 3번까지만 당첨 될수 있습니다.
 100원을 환불해 드립니다.
100 원이 충전 되었습니다.
mock 당첨 되었습니다.
mock 당첨 되었습니다.
mock 당첨 되었습니다.
mock 당첨 되었습니다.
mock 당첨 되었습니다.
mock 당첨 되었습니다.
mock 당첨 되었습니다.
mock 당첨 되었습니다.
mock 당첨 되었습니다.
mock 당첨 되었습니다.
mock 당첨 되었습니다.
mock 당첨 되었습니다.
mock 당첨 되었습니다.
mock 당첨 되었습니다.
mock 당첨 되었습니다.
mock 당첨 되었습니다.
mock 당첨 되었습니다.
mock 당첨 되었습니다.
mock 당첨 되었습니다.
mock 당첨 되었습니다.
mock 당첨 되었습니다.
mock 당첨 되었습니다.
mock 당첨 되었습니다.
mock 당첨 되었습니다.
mock 당첨 되었습니다.
mock 당첨 되었습니다.
mock 당첨 되었습니다.
mock 당첨 되었습니다.
mock 당첨 되었습니다.
B등급 상품은 최대 3번까지만 당첨 될수 있습니다.
 100원을 환불해 드립니다.
100 원이 충전 되었습니다.
mock 당첨 되었습니다.
mock 당첨 되었습니다.
mock 당첨 되었습니다.
mock 당첨 되었습니다.
B등급 상품은 최대 3번까지만 당첨 될수 있습니다.
 100원을 환불해 드립니다.
100 원이 충전 되었습니다.
B등급 상품은 최대 3번까지만 당첨 될수 있습니다.
 100원을 환불해 드립니다.
100 원이 충전 되었습니다.
mock 당첨 되었습니다.
mock 당첨 되었습니다.
mock 당첨 되었습니다.
B등급 상품은 최대 3번까지만 당첨 될수 있습니다.
 100원을 환불해 드립니다.
100 원이 충전 되었습니다.
mock 당첨 되었습니다.
mock 당첨 되었습니다.
mock 당첨 되었습니다.
mock 당첨 되었습니다.
mock 당첨 되었습니다.
mock 당첨 되었습니다.
mock 당첨 되었습니다.
mock 당첨 되었습니다.
mock 당첨 되었습니다.
mock 당첨 되었습니다.
mock 당첨 되었습니다.
mock 당첨 되었습니다.
mock 당첨 되었습니다.
mock 당첨 되었습니다.
mock 당첨 되었습니다.
mock 당첨 되었습니다.
mock 당첨 되었습니다.
mock 당첨 되었습니다.
mock 당첨 되었습니다.
mock 당첨 되었습니다.
mock 당첨 되었습니다.
mock 당첨 되었습니다.
mock 당첨 되었습니다.
mock 당첨 되었습니다.
mock 당첨 되었습니다.
mock 당첨 되었습니다.
mock 당첨 되었습니다.
mock 당첨 되었습니다.
mock 당첨 되었습니다.
B등급 상품은 최대 3번까지만 당첨 될수 있습니다.
 100원을 환불해 드립니다.
100 원이 충전 되었습니다.
B등급 상품은 최대 3번까지만 당첨 될수 있습니다.
 100원을 환불해 드립니다.
100 원이 충전 되었습니다.
mock 당첨 되었습니다.
mock 당첨 되었습니다.
mock 당첨 되었습니다.
mock 당첨 되었습니다.
mock 당첨 되었습니다.
mock 당첨 되었습니다.
mock 당첨 되었습니다.
mock 당첨 되었습니다.
mock 당첨 되었습니다.
B등급 상품은 최대 3번까지만 당첨 될수 있습니다.
 100원을 환불해 드립니다.
100 원이 충전 되었습니다.
mock 당첨 되었습니다.
mock 당첨 되었습니다.
mock 당첨 되었습니다.
mock 당첨 되었습니다.
mock 당첨 되었습니다.
B등급 상품은 최대 3번까지만 당첨 될수 있습니다.
 100원을 환불해 드립니다.
100 원이 충전 되었습니다.
mock 당첨 되었습니다.
mock 당첨 되었습니다.
mock 당첨 되었습니다.
mock 당첨 되었습니다.
mock 당첨 되었습니다.
mock 당첨 되었습니다.
mock 당첨 되었습니다.
mock 당첨 되었습니다.
mock 당첨 되었습니다.
B등급 상품은 최대 3번까지만 당첨 될수 있습니다.
 100원을 환불해 드립니다.
100 원이 충전 되었습니다.
mock 당첨 되었습니다.
mock 당첨 되었습니다.
mock 당첨 되었습니다.
mock 당첨 되었습니다.
mock 당첨 되었습니다.
mock 당첨 되었습니다.
mock 당첨 되었습니다.
mock 당첨 되었습니다.
mock 당첨 되었습니다.
mock 당첨 되었습니다.
mock 당첨 되었습니다.
mock 당첨 되었습니다.
mock 당첨 되었습니다.
mock 당첨 되었습니다.
mock 당첨 되었습니다.
mock 당첨 되었습니다.
mock 당첨 되었습니다.
mock 당첨 되었습니다.
B등급 상품은 최대 3번까지만 당첨 될수 있습니다.
 100원을 환불해 드립니다.
100 원이 충전 되었습니다.
mock 당첨 되었습니다.
mock 당첨 되었습니다.
mock 당첨 되었습니다.
mock 당첨 되었습니다.
mock 당첨 되었습니다.
mock 당첨 되었습니다.
mock 당첨 되었습니다.
mock 당첨 되었습니다.
mock 당첨 되었습니다.
mock 당첨 되었습니다.
mock 당첨 되었습니다.
mock 당첨 되었습니다.
mock 당첨 되었습니다.
mock 당첨 되었습니다.
mock 당첨 되었습니다.
mock 당첨 되었습니다.
B등급 상품은 최대 3번까지만 당첨 될수 있습니다.
 100원을 환불해 드립니다.
100 원이 충전 되었습니다.
mock 당첨 되었습니다.
mock 당첨 되었습니다.
mock 당첨 되었습니다.
mock 당첨 되었습니다.
mock 당첨 되었습니다.
mock 당첨 되었습니다.
mock 당첨 되었습니다.
mock 당첨 되었습니다.
B등급 상품은 최대 3번까지만 당첨 될수 있습니다.
 100원을 환불해 드립니다.
100 원이 충전 되었습니다.
mock 당첨 되었습니다.
mock 당첨 되었습니다.
mock 당첨 되었습니다.
mock 당첨 되었습니다.
B등급 상품은 최대 3번까지만 당첨 될수 있습니다.
 100원을 환불해 드립니다.
100 원이 충전 되었습니다.
mock 당첨 되었습니다.
mock 당첨 되었습니다.
mock 당첨 되었습니다.
mock 당첨 되었습니다.
mock 당첨 되었습니다.
mock 당첨 되었습니다.
mock 당첨 되었습니다.
mock 당첨 되었습니다.
mock 당첨 되었습니다.
mock 당첨 되었습니다.
mock 당첨 되었습니다.
B등급 상품은 최대 3번까지만 당첨 될수 있습니다.
 100원을 환불해 드립니다.
100 원이 충전 되었습니다.
mock 당첨 되었습니다.
mock 당첨 되었습니다.
mock 당첨 되었습니다.
mock 당첨 되었습니다.
mock 당첨 되었습니다.
mock 당첨 되었습니다.
mock 당첨 되었습니다.
B등급 상품은 최대 3번까지만 당첨 될수 있습니다.
 100원을 환불해 드립니다.
100 원이 충전 되었습니다.
mock 당첨 되었습니다.
mock 당첨 되었습니다.
mock 당첨 되었습니다.
mock 당첨 되었습니다.
B등급 상품은 최대 3번까지만 당첨 될수 있습니다.
 100원을 환불해 드립니다.
100 원이 충전 되었습니다.
mock 당첨 되었습니다.
mock 당첨 되었습니다.
mock 당첨 되었습니다.
mock 당첨 되었습니다.
B등급 상품은 최대 3번까지만 당첨 될수 있습니다.
 100원을 환불해 드립니다.
100 원이 충전 되었습니다.
mock 당첨 되었습니다.
mock 당첨 되었습니다.
mock 당첨 되었습니다.
mock 당첨 되었습니다.
mock 당첨 되었습니다.
mock 당첨 되었습니다.
mock 당첨 되었습니다.
mock 당첨 되었습니다.
mock 당첨 되었습니다.
mock 당첨 되었습니다.
mock 당첨 되었습니다.
mock 당첨 되었습니다.
mock 당첨 되었습니다.
mock 당첨 되었습니다.
mock 당첨 되었습니다.
mock 당첨 되었습니다.
mock 당첨 되었습니다.
mock 당첨 되었습니다.
mock 당첨 되었습니다.
mock 당첨 되었습니다.
mock 당첨 되었습니다.
mock 당첨 되었습니다.
mock 당첨 되었습니다.
mock 당첨 되었습니다.
mock 당첨 되었습니다.
mock 당첨 되었습니다.
mock 당첨 되었습니다.
mock 당첨 되었습니다.
mock 당첨 되었습니다.
B등급 상품은 최대 3번까지만 당첨 될수 있습니다.
 100원을 환불해 드립니다.
100 원이 충전 되었습니다.
mock 당첨 되었습니다.
mock 당첨 되었습니다.
mock 당첨 되었습니다.
mock 당첨 되었습니다.
mock 당첨 되었습니다.
mock 당첨 되었습니다.
mock 당첨 되었습니다.
mock 당첨 되었습니다.
B등급 상품은 최대 3번까지만 당첨 될수 있습니다.
 100원을 환불해 드립니다.
100 원이 충전 되었습니다.
mock 당첨 되었습니다.
B등급 상품은 최대 3번까지만 당첨 될수 있습니다.
 100원을 환불해 드립니다.
100 원이 충전 되었습니다.
mock 당첨 되었습니다.
B등급 상품은 최대 3번까지만 당첨 될수 있습니다.
 100원을 환불해 드립니다.
100 원이 충전 되었습니다.
mock 당첨 되었습니다.
mock 당첨 되었습니다.
mock 당첨 되었습니다.
mock 당첨 되었습니다.
mock 당첨 되었습니다.
mock 당첨 되었습니다.
mock 당첨 되었습니다.
B등급 상품은 최대 3번까지만 당첨 될수 있습니다.
 100원을 환불해 드립니다.
100 원이 충전 되었습니다.
mock 당첨 되었습니다.
mock 당첨 되었습니다.
mock 당첨 되었습니다.
mock 당첨 되었습니다.
mock 당첨 되었습니다.
mock 당첨 되었습니다.
mock 당첨 되었습니다.

현재 남은 잔액은 63300원 입니다
[------HELP------]
응모 : DRAW [시행횟수]
충전 : INSERT
종료 : EXIT
]]></system-out>
  </testcase>
  <testcase name="businessTeamTest08HappyCase" classname="project02.BusinessTeamTest" time="0.001"/>
  <testcase name="businessTeamTest07HappyCase" classname="project02.BusinessTeamTest" time="0.002">
    <system-out><![CDATA[[빠칭코 상풍등록 시스템]

[상품정보 형식 도움말]
상풍명, 등급(A 또는 B), 유통기한  | 예시 :  CHICKEN, A, 2024-03-23T02:20:19+09:00
END : 종료

상품정보를 입력해주세요
ERROR : 잘못된 등급이 입력되었습니다. A 또는 B 등금만 입력해주세요.
[상품정보 형식 도움말]
상풍명, 등급(A 또는 B), 유통기한  | 예시 :  CHICKEN, A, 2024-03-23T02:20:19+09:00
END : 종료

]]></system-out>
  </testcase>
  <testcase name="businessTeamTest06HappyCase" classname="project02.BusinessTeamTest" time="0.002">
    <system-out><![CDATA[[빠칭코 상품 뽑기 서비스]
명령어를 입력해주세요


현재 남은 잔액은 10000원 입니다
[------HELP------]
응모 : DRAW [시행횟수]
충전 : INSERT
종료 : EXIT
Chicken 당첨 되었습니다.
Cider 당첨 되었습니다.
cola 당첨 되었습니다.
유통기한이 지난 상품입니다 2023-03-21T01:00:32+09:00
 100원을 환불해 드립니다.
100 원이 충전 되었습니다.
유통기한이 지난 상품입니다 2023-03-21T01:00:32+09:00
 100원을 환불해 드립니다.
100 원이 충전 되었습니다.
재고가 부족합니다. 100원을 환불해 드립니다.
 100원을 환불해 드립니다.
100 원이 충전 되었습니다.
재고가 부족합니다. 100원을 환불해 드립니다.
 100원을 환불해 드립니다.
100 원이 충전 되었습니다.
재고가 부족합니다. 100원을 환불해 드립니다.
 100원을 환불해 드립니다.
100 원이 충전 되었습니다.
재고가 부족합니다. 100원을 환불해 드립니다.
 100원을 환불해 드립니다.
100 원이 충전 되었습니다.
재고가 부족합니다. 100원을 환불해 드립니다.
 100원을 환불해 드립니다.
100 원이 충전 되었습니다.

현재 남은 잔액은 9700원 입니다
[------HELP------]
응모 : DRAW [시행횟수]
충전 : INSERT
종료 : EXIT
]]></system-out>
  </testcase>
</testsuite>