<?xml version="1.0" encoding="UTF-8"?>
<testsuite xmlns:xsi="http://www.w3.org/2001/XMLSchema-instance" xsi:noNamespaceSchemaLocation="https://maven.apache.org/surefire/maven-surefire-plugin/xsd/surefire-test-report-3.0.xsd" version="3.0" name="project03.BusinessTeamTest" time="0.061" tests="5" errors="0" skipped="0" failures="0">
  <properties>
[...]
</properties>
  <testcase name="businessTeamTest04HappyCase" classname="project03.BusinessTeamTest" time="0.036">
    <system-out><![CDATA[부서 정보 입력
입력 완료
부서 구조 입력
입력 완료
최상위 부서 AS의 총인원은 129 명 입니다
]]></system-out>
  </testcase>
  <testcase name="businessTeamTest03HappyCase" classname="project03.BusinessTeamTest" time="0.001"/>
  <testcase name="businessTeamTest02HappyCase" classname="project03.BusinessTeamTest" time="0.002">
    <system-out><![CDATA[부서 정보 입력
입력 완료
부서 구조 입력
입력 완료
최상위 부서 A의 총인원은 129 명 입니다
]]></system-out>
  </testcase>
  <testcase name="businessTeamTest01HappyCase" classname="project03.BusinessTeamTest" time="0.001">
    <system-out><![CDATA[부서 정보 입력
입력 완료
]]></system-out>
  </testcase>
  <testcase name="businessTeamTest01ErrorCase" classname="project03.BusinessTeamTest" time="0.001">
    <system-out><![CDATA[부서 정보 입력
1개 이상의 부서를 입력해 주세요
이미 존재하는 부서입니다.
입력 완료
]]></system-out>
  </testcase>
</testsuite>