<?xml version="1.0" encoding="UTF-8"?>
<testsuite xmlns:xsi="http://www.w3.org/2001/XMLSchema-instance" xsi:noNamespaceSchemaLocation="https://maven.apache.org/surefire/maven-surefire-plugin/xsd/surefire-test-report-3.0.xsd" version="3.0" name="project01.BusinessTeamTest" time="0.075" tests="9" errors="0" skipped="0" failures="0">
  <properties>
[...]
</properties>
  <testcase name="businessTeamTest01" classname="project01.BusinessTeamTest" time="0.034">
    <system-out><![CDATA[안녕하세요. 쉐어트리츠 상품교환 서비스 입니다
[------HELP------]
쿠폰확인 : CHECK [상품코드]
도움말 : HELP [상품코드]
쿠폰사용 : CLAIM [상점코드] [상품코드]
종료 : EXIT

현재 남은 상품코드는 10개 입니다
[------CLAIM------]
ERROR : 정확한 상점코드를 입력해주세요
현재 남은 상품코드는 10개 입니다
[------CLAIM------]
ERROR : 정확한 상점코드를 입력해주세요
현재 남은 상품코드는 10개 입니다
]]></system-out>
  </testcase>
  <testcase name="businessTeamTest02" classname="project01.BusinessTeamTest" time="0.001">
    <system-out><![CDATA[안녕하세요. 쉐어트리츠 상품교환 서비스 입니다
[------HELP------]
쿠폰확인 : CHECK [상품코드]
도움말 : HELP [상품코드]
쿠폰사용 : CLAIM [상점코드] [상품코드]
종료 : EXIT

현재 남은 상품코드는 10개 입니다
]]></system-out>
  </testcase>
  <testcase name="businessTeamTest03" classname="project01.BusinessTeamTest" time="0.002">
    <system-out><![CDATA[관리자용 상품코드 입력 프로그램입니다
9개의 숫자로 이루어진 상품코드를 입력해 주세요
모든 입력이 완료되면 EXIT를 입력해 주세요
ERROR : 상품 코드는 0~9 자연수 글자로 이루어져 있으며 9문자로 이루어져야 합니다.
ERROR : 상품 코드는 0~9 자연수 글자로 이루어져 있으며 9문자로 이루어져야 합니다.
입력종료
]]></system-out>
  </testcase>
  <testcase name="businessTeamTest04" classname="project01.BusinessTeamTest" time="0.008">
    <system-out><![CDATA[안녕하세요. 쉐어트리츠 상품교환 서비스 입니다
[------HELP------]
쿠폰확인 : CHECK [상품코드]
도움말 : HELP [상품코드]
쿠폰사용 : CLAIM [상점코드] [상품코드]
종료 : EXIT

현재 남은 상품코드는 10개 입니다
[------CLAIM------]
222222222은 사용가능한 상품코드입니다
aStore 상점에서 222222222상품코드를 사용하였습니다.
현재 남은 상품코드는 9개 입니다
[------CLAIM------]
ERROR : 222222222는 존재하지 않는 상품코드입니다
현재 남은 상품코드는 9개 입니다
]]></system-out>
  </testcase>
  <testcase name="businessTeamTest05" classname="project01.BusinessTeamTest" time="0.002">
    <system-out><![CDATA[안녕하세요. 쉐어트리츠 상품교환 서비스 입니다
[------HELP------]
쿠폰확인 : CHECK [상품코드]
도움말 : HELP [상품코드]
쿠폰사용 : CLAIM [상점코드] [상품코드]
종료 : EXIT

현재 남은 상품코드는 10개 입니다
[------CHECK------]
333333333은 사용가능한 상품코드입니다
현재 남은 상품코드는 10개 입니다
[------CLAIM------]
333333333은 사용가능한 상품코드입니다
aStore 상점에서 333333333상품코드를 사용하였습니다.
현재 남은 상품코드는 9개 입니다
[------CHECK------]
ERROR : 333333333는 존재하지 않는 상품코드입니다
현재 남은 상품코드는 9개 입니다
]]></system-out>
  </testcase>
  <testcase name="businessTeamTest06" classname="project01.BusinessTeamTest" time="0.002">
    <system-out><![CDATA[안녕하세요. 쉐어트리츠 상품교환 서비스 입니다
[------HELP------]
쿠폰확인 : CHECK [상품코드]
도움말 : HELP [상품코드]
쿠폰사용 : CLAIM [상점코드] [상품코드]
종료 : EXIT

현재 남은 상품코드는 10개 입니다
[------CHECK------]
333333333은 사용가능한 상품코드입니다
현재 남은 상품코드는 10개 입니다
[------CLAIM------]
333333333은 사용가능한 상품코드입니다
aStore 상점에서 333333333상품코드를 사용하였습니다.
현재 남은 상품코드는 9개 입니다
]]></system-out>
  </testcase>
  <testcase name="businessTeamTest07" classname="project01.BusinessTeamTest" time="0.002">
    <system-out><![CDATA[안녕하세요. 쉐어트리츠 상품교환 서비스 입니다
[------HELP------]
쿠폰확인 : CHECK [상품코드]
도움말 : HELP [상품코드]
쿠폰사용 : CLAIM [상점코드] [상품코드]
종료 : EXIT

현재 남은 상품코드는 10개 입니다
[------CHECK------]
ERROR : 123123123는 존재하지 않는 상품코드입니다
현재 남은 상품코드는 10개 입니다
[------CLAIM------]
ERROR : 123123123는 존재하지 않는 상품코드입니다
현재 남은 상품코드는 10개 입니다
]]></system-out>
  </testcase>
  <testcase name="businessTeamTest08" classname="project01.BusinessTeamTest" time="0.001">
    <system-out><![CDATA[안녕하세요. 쉐어트리츠 상품교환 서비스 입니다
[------HELP------]
쿠폰확인 : CHECK [상품코드]
도움말 : HELP [상품코드]
쿠폰사용 : CLAIM [상점코드] [상품코드]
종료 : EXIT

현재 남은 상품코드는 10개 입니다
[------CLAIM------]
ERROR : 정확한 상점코드를 입력해주세요
현재 남은 상품코드는 10개 입니다
]]></system-out>
  </testcase>
  <testcase name="businessTeamTest09" classname="project01.BusinessTeamTest" time="0.001">
    <system-out><![CDATA[안녕하세요. 쉐어트리츠 상품교환 서비스 입니다
[------HELP------]
쿠폰확인 : CHECK [상품코드]
도움말 : HELP [상품코드]
쿠폰사용 : CLAIM [상점코드] [상품코드]
종료 : EXIT

현재 남은 상품코드는 10개 입니다
ERROR : 문자와 숫자 공백만 입력해 주세요
현재 남은 상품코드는 10개 입니다
[------CLAIM------]
ERROR : 정확한 상점코드를 입력해주세요
현재 남은 상품코드는 10개 입니다
]]></system-out>
  </testcase>
</testsuite>